# JRE version: OpenJDK Runtime Environment (7.0_95) (build 1.7.0_95-b00)
# Java VM: OpenJDK 64-Bit Server VM (24.95-b01 mixed mode linux-amd64 compressed oops)
Heap
 PSYoungGen      total 37888K, used 24743K [0x00000007d5500000, 0x00000007d8500000, 0x0000000800000000)
  eden space 27648K, 87% used [0x00000007d5500000,0x00000007d6c99ee8,0x00000007d7000000)
  from space 10240K, 5% used [0x00000007d7080000,0x00000007d7110000,0x00000007d7a80000)
  to   space 10752K, 0% used [0x00000007d7a80000,0x00000007d7a80000,0x00000007d8500000)
 ParOldGen       total 82432K, used 15826K [0x0000000780000000, 0x0000000785080000, 0x00000007d5500000)
  object space 82432K, 19% used [0x0000000780000000,0x0000000780f74ad8,0x0000000785080000)
 PSPermGen       total 33792K, used 33402K [0x0000000775a00000, 0x0000000777b00000, 0x0000000780000000)
  object space 33792K, 98% used [0x0000000775a00000,0x0000000777a9e848,0x0000000777b00000)
GC Heap History (10 events):
Event: 598,946 GC heap before
{Heap before GC invocations=7 (full 0):
 PSYoungGen      total 37888K, used 37878K [0x00000007d5500000, 0x00000007d9600000, 0x0000000800000000)
  eden space 30208K, 100% used [0x00000007d5500000,0x00000007d7280000,0x00000007d7280000)
  from space 7680K, 99% used [0x00000007d8e80000,0x00000007d95fdbe8,0x00000007d9600000)
  to   space 9728K, 0% used [0x00000007d8300000,0x00000007d8300000,0x00000007d8c80000)
 ParOldGen       total 82432K, used 7291K [0x0000000780000000, 0x0000000785080000, 0x00000007d5500000)
  object space 82432K, 8% used [0x0000000780000000,0x000000078071ed70,0x0000000785080000)
 PSPermGen       total 32768K, used 32369K [0x0000000775a00000, 0x0000000777a00000, 0x0000000780000000)
  object space 32768K, 98% used [0x0000000775a00000,0x000000077799c590,0x0000000777a00000)
Event: 598,964 GC heap after
Heap after GC invocations=7 (full 0):
 PSYoungGen      total 36352K, used 6574K [0x00000007d5500000, 0x00000007d8f00000, 0x0000000800000000)
  eden space 29696K, 0% used [0x00000007d5500000,0x00000007d5500000,0x00000007d7200000)
  from space 6656K, 98% used [0x00000007d8300000,0x00000007d896b890,0x00000007d8980000)
  to   space 5632K, 0% used [0x00000007d8980000,0x00000007d8980000,0x00000007d8f00000)
 ParOldGen       total 82432K, used 8481K [0x0000000780000000, 0x0000000785080000, 0x00000007d5500000)
  object space 82432K, 10% used [0x0000000780000000,0x00000007808486d8,0x0000000785080000)
 PSPermGen       total 32768K, used 32369K [0x0000000775a00000, 0x0000000777a00000, 0x0000000780000000)
  object space 32768K, 98% used [0x0000000775a00000,0x000000077799c590,0x0000000777a00000)
}
Event: 961,888 GC heap before
{Heap before GC invocations=8 (full 0):
 PSYoungGen      total 36352K, used 36270K [0x00000007d5500000, 0x00000007d8f00000, 0x0000000800000000)
  eden space 29696K, 100% used [0x00000007d5500000,0x00000007d7200000,0x00000007d7200000)
  from space 6656K, 98% used [0x00000007d8300000,0x00000007d896b890,0x00000007d8980000)
  to   space 5632K, 0% used [0x00000007d8980000,0x00000007d8980000,0x00000007d8f00000)
 ParOldGen       total 82432K, used 8481K [0x0000000780000000, 0x0000000785080000, 0x00000007d5500000)
  object space 82432K, 10% used [0x0000000780000000,0x00000007808486d8,0x0000000785080000)
 PSPermGen       total 32768K, used 32416K [0x0000000775a00000, 0x0000000777a00000, 0x0000000780000000)
  object space 32768K, 98% used [0x0000000775a00000,0x00000007779a8190,0x0000000777a00000)
Event: 961,898 GC heap after
Heap after GC invocations=8 (full 0):
 PSYoungGen      total 33280K, used 3712K [0x00000007d5500000, 0x00000007d8d80000, 0x0000000800000000)
  eden space 29184K, 0% used [0x00000007d5500000,0x00000007d5500000,0x00000007d7180000)
  from space 4096K, 90% used [0x00000007d8980000,0x00000007d8d20000,0x00000007d8d80000)
  to   space 9728K, 0% used [0x00000007d7a80000,0x00000007d7a80000,0x00000007d8400000)
 ParOldGen       total 82432K, used 11038K [0x0000000780000000, 0x0000000785080000, 0x00000007d5500000)
  object space 82432K, 13% used [0x0000000780000000,0x0000000780ac7a40,0x0000000785080000)
 PSPermGen       total 32768K, used 32416K [0x0000000775a00000, 0x0000000777a00000, 0x0000000780000000)
  object space 32768K, 98% used [0x0000000775a00000,0x00000007779a8190,0x0000000777a00000)
}
Event: 1006,775 GC heap before
{Heap before GC invocations=9 (full 0):
 PSYoungGen      total 33280K, used 32896K [0x00000007d5500000, 0x00000007d8d80000, 0x0000000800000000)
  eden space 29184K, 100% used [0x00000007d5500000,0x00000007d7180000,0x00000007d7180000)
  from space 4096K, 90% used [0x00000007d8980000,0x00000007d8d20000,0x00000007d8d80000)
  to   space 9728K, 0% used [0x00000007d7a80000,0x00000007d7a80000,0x00000007d8400000)
 ParOldGen       total 82432K, used 11038K [0x0000000780000000, 0x0000000785080000, 0x00000007d5500000)
  object space 82432K, 13% used [0x0000000780000000,0x0000000780ac7a40,0x0000000785080000)
 PSPermGen       total 33280K, used 32988K [0x0000000775a00000, 0x0000000777a80000, 0x0000000780000000)
  object space 33280K, 99% used [0x0000000775a00000,0x0000000777a37388,0x0000000777a80000)
Event: 1006,781 GC heap after
Heap after GC invocations=9 (full 0):
 PSYoungGen      total 30208K, used 1346K [0x00000007d5500000, 0x00000007d8a00000, 0x0000000800000000)
  eden space 28672K, 0% used [0x00000007d5500000,0x00000007d5500000,0x00000007d7100000)
  from space 1536K, 87% used [0x00000007d7a80000,0x00000007d7bd0b38,0x00000007d7c00000)
  to   space 10240K, 0% used [0x00000007d8000000,0x00000007d8000000,0x00000007d8a00000)
 ParOldGen       total 82432K, used 14192K [0x0000000780000000, 0x0000000785080000, 0x00000007d5500000)
  object space 82432K, 17% used [0x0000000780000000,0x0000000780ddc3c0,0x0000000785080000)
 PSPermGen       total 33280K, used 32988K [0x0000000775a00000, 0x0000000777a80000, 0x0000000780000000)
  object space 33280K, 99% used [0x0000000775a00000,0x0000000777a37388,0x0000000777a80000)
}
Event: 1159,190 GC heap before
{Heap before GC invocations=10 (full 0):
 PSYoungGen      total 30208K, used 30018K [0x00000007d5500000, 0x00000007d8a00000, 0x0000000800000000)
  eden space 28672K, 100% used [0x00000007d5500000,0x00000007d7100000,0x00000007d7100000)
  from space 1536K, 87% used [0x00000007d7a80000,0x00000007d7bd0b38,0x00000007d7c00000)
  to   space 10240K, 0% used [0x00000007d8000000,0x00000007d8000000,0x00000007d8a00000)
 ParOldGen       total 82432K, used 14192K [0x0000000780000000, 0x0000000785080000, 0x00000007d5500000)
  object space 82432K, 17% used [0x0000000780000000,0x0000000780ddc3c0,0x0000000785080000)
 PSPermGen       total 33280K, used 33035K [0x0000000775a00000, 0x0000000777a80000, 0x0000000780000000)
  object space 33280K, 99% used [0x0000000775a00000,0x0000000777a42f50,0x0000000777a80000)
Event: 1159,195 GC heap after
Heap after GC invocations=10 (full 0):
 PSYoungGen      total 32768K, used 1704K [0x00000007d5500000, 0x00000007d8480000, 0x0000000800000000)
  eden space 28160K, 0% used [0x00000007d5500000,0x00000007d5500000,0x00000007d7080000)
  from space 4608K, 36% used [0x00000007d8000000,0x00000007d81aa098,0x00000007d8480000)
  to   space 10240K, 0% used [0x00000007d7080000,0x00000007d7080000,0x00000007d7a80000)
 ParOldGen       total 82432K, used 14404K [0x0000000780000000, 0x0000000785080000, 0x00000007d5500000)
  object space 82432K, 17% used [0x0000000780000000,0x0000000780e113d0,0x0000000785080000)
 PSPermGen       total 33280K, used 33035K [0x0000000775a00000, 0x0000000777a80000, 0x0000000780000000)
  object space 33280K, 99% used [0x0000000775a00000,0x0000000777a42f50,0x0000000777a80000)
}
Event: 1222,409 GC heap before
{Heap before GC invocations=11 (full 0):
 PSYoungGen      total 32768K, used 29864K [0x00000007d5500000, 0x00000007d8480000, 0x0000000800000000)
  eden space 28160K, 100% used [0x00000007d5500000,0x00000007d7080000,0x00000007d7080000)
  from space 4608K, 36% used [0x00000007d8000000,0x00000007d81aa098,0x00000007d8480000)
  to   space 10240K, 0% used [0x00000007d7080000,0x00000007d7080000,0x00000007d7a80000)
 ParOldGen       total 82432K, used 14404K [0x0000000780000000, 0x0000000785080000, 0x00000007d5500000)
  object space 82432K, 17% used [0x0000000780000000,0x0000000780e113d0,0x0000000785080000)
 PSPermGen       total 33792K, used 33349K [0x0000000775a00000, 0x0000000777b00000, 0x0000000780000000)
  object space 33792K, 98% used [0x0000000775a00000,0x0000000777a91488,0x0000000777b00000)
Event: 1222,413 GC heap after
Heap after GC invocations=11 (full 0):
 PSYoungGen      total 37888K, used 576K [0x00000007d5500000, 0x00000007d8500000, 0x0000000800000000)
  eden space 27648K, 0% used [0x00000007d5500000,0x00000007d5500000,0x00000007d7000000)
  from space 10240K, 5% used [0x00000007d7080000,0x00000007d7110000,0x00000007d7a80000)
  to   space 10752K, 0% used [0x00000007d7a80000,0x00000007d7a80000,0x00000007d8500000)
 ParOldGen       total 82432K, used 15826K [0x0000000780000000, 0x0000000785080000, 0x00000007d5500000)
  object space 82432K, 19% used [0x0000000780000000,0x0000000780f74ad8,0x0000000785080000)
 PSPermGen       total 33792K, used 33349K [0x0000000775a00000, 0x0000000777b00000, 0x0000000780000000)
  object space 33792K, 98% used [0x0000000775a00000,0x0000000777a91488,0x0000000777b00000)
}

